<?xml version="1.0" encoding="UTF-8"?>
<!-- Generated by org.testng.reporters.JUnitReportReporter -->
<testsuite hostname="DESKTOP-FLAH3VL" failures="0" tests="1" name="ApiTesting.CoinDesk" time="3.213" errors="0" timestamp="2025-01-31T12:49:51 IST" skipped="0">
  <testcase classname="ApiTesting.CoinDesk" name="coinGetAPI" time="3.213"/>
</testsuite> <!-- ApiTesting.CoinDesk -->
